<?xml version="1.0" encoding="UTF-8"?>
<testsuite xmlns:xsi="http://www.w3.org/2001/XMLSchema-instance" xsi:noNamespaceSchemaLocation="https://maven.apache.org/surefire/maven-surefire-plugin/xsd/surefire-test-report.xsd" name="cn.springmvc.test.AppTest" time="3.148" tests="2" errors="0" skipped="0" failures="1">
  <properties>
    <property name="awt.toolkit" value="sun.awt.X11.XToolkit"/>
    <property name="file.encoding.pkg" value="sun.io"/>
    <property name="java.specification.version" value="1.8"/>
    <property name="sun.cpu.isalist" value=""/>
    <property name="sun.jnu.encoding" value="UTF-8"/>
    <property name="java.class.path" value="/root/github/target/test-classes:/root/github/target/classes:/root/.m2/repository/org/springframework/spring-core/5.0.2.RELEASE/spring-core-5.0.2.RELEASE.jar:/root/.m2/repository/org/springframework/spring-jcl/5.0.2.RELEASE/spring-jcl-5.0.2.RELEASE.jar:/root/.m2/repository/org/springframework/spring-web/5.0.2.RELEASE/spring-web-5.0.2.RELEASE.jar:/root/.m2/repository/org/springframework/spring-webmvc/5.0.2.RELEASE/spring-webmvc-5.0.2.RELEASE.jar:/root/.m2/repository/org/springframework/spring-expression/5.0.2.RELEASE/spring-expression-5.0.2.RELEASE.jar:/root/.m2/repository/org/springframework/spring-beans/5.0.2.RELEASE/spring-beans-5.0.2.RELEASE.jar:/root/.m2/repository/org/springframework/spring-context/5.0.2.RELEASE/spring-context-5.0.2.RELEASE.jar:/root/.m2/repository/org/springframework/spring-context-support/5.0.2.RELEASE/spring-context-support-5.0.2.RELEASE.jar:/root/.m2/repository/org/springframework/spring-jdbc/5.0.2.RELEASE/spring-jdbc-5.0.2.RELEASE.jar:/root/.m2/repository/org/springframework/spring-tx/5.0.2.RELEASE/spring-tx-5.0.2.RELEASE.jar:/root/.m2/repository/org/springframework/spring-aop/5.0.2.RELEASE/spring-aop-5.0.2.RELEASE.jar:/root/.m2/repository/org/springframework/data/spring-data-jpa/2.0.2.RELEASE/spring-data-jpa-2.0.2.RELEASE.jar:/root/.m2/repository/org/springframework/data/spring-data-commons/2.0.2.RELEASE/spring-data-commons-2.0.2.RELEASE.jar:/root/.m2/repository/org/springframework/spring-orm/5.0.2.RELEASE/spring-orm-5.0.2.RELEASE.jar:/root/.m2/repository/org/aspectj/aspectjrt/1.8.12/aspectjrt-1.8.12.jar:/root/.m2/repository/org/springframework/spring-test/5.0.2.RELEASE/spring-test-5.0.2.RELEASE.jar:/root/.m2/repository/org/mybatis/mybatis/3.4.5/mybatis-3.4.5.jar:/root/.m2/repository/org/mybatis/mybatis-spring/1.3.1/mybatis-spring-1.3.1.jar:/root/.m2/repository/com/alibaba/druid/1.1.6/druid-1.1.6.jar:/root/.m2/repository/mysql/mysql-connector-java/5.1.45/mysql-connector-java-5.1.45.jar:/root/.m2/repository/org/slf4j/slf4j-api/1.7.22/slf4j-api-1.7.22.jar:/root/.m2/repository/junit/junit/4.12/junit-4.12.jar:/root/.m2/repository/org/hamcrest/hamcrest-core/1.3/hamcrest-core-1.3.jar:/root/.m2/repository/org/testng/testng/6.9.13.6/testng-6.9.13.6.jar:/root/.m2/repository/com/beust/jcommander/1.48/jcommander-1.48.jar:/root/.m2/repository/org/apache/ant/ant/1.9.7/ant-1.9.7.jar:/root/.m2/repository/org/apache/ant/ant-launcher/1.9.7/ant-launcher-1.9.7.jar:/root/.m2/repository/org/beanshell/bsh/2.0b4/bsh-2.0b4.jar:/root/.m2/repository/org/json/json/20160810/json-20160810.jar:/root/.m2/repository/org/slf4j/slf4j-nop/1.7.25/slf4j-nop-1.7.25.jar:/root/.m2/repository/org/mybatis/generator/mybatis-generator-core/1.3.6/mybatis-generator-core-1.3.6.jar:/root/.m2/repository/org/apache/maven/surefire/surefire-testng-utils/2.20.1/surefire-testng-utils-2.20.1.jar:/root/.m2/repository/org/apache/maven/surefire/surefire-grouper/2.20.1/surefire-grouper-2.20.1.jar:"/>
    <property name="java.vm.vendor" value="Oracle Corporation"/>
    <property name="sun.arch.data.model" value="64"/>
    <property name="java.vendor.url" value="http://java.oracle.com/"/>
    <property name="user.timezone" value=""/>
    <property name="java.vm.specification.version" value="1.8"/>
    <property name="os.name" value="Linux"/>
    <property name="user.country" value="US"/>
    <property name="sun.java.launcher" value="SUN_STANDARD"/>
    <property name="sun.boot.library.path" value="/usr/java/jdk1.8.0_111/jre/lib/amd64"/>
    <property name="sun.java.command" value="/root/github/target/surefire/surefirebooter1345658273989083926.jar /root/github/target/surefire 2018-04-07T23-42-58_733-jvmRun1 surefire7067766662944222219tmp surefire_01088289580799313855tmp"/>
    <property name="surefire.test.class.path" value="/root/github/target/test-classes:/root/github/target/classes:/root/.m2/repository/org/springframework/spring-core/5.0.2.RELEASE/spring-core-5.0.2.RELEASE.jar:/root/.m2/repository/org/springframework/spring-jcl/5.0.2.RELEASE/spring-jcl-5.0.2.RELEASE.jar:/root/.m2/repository/org/springframework/spring-web/5.0.2.RELEASE/spring-web-5.0.2.RELEASE.jar:/root/.m2/repository/org/springframework/spring-webmvc/5.0.2.RELEASE/spring-webmvc-5.0.2.RELEASE.jar:/root/.m2/repository/org/springframework/spring-expression/5.0.2.RELEASE/spring-expression-5.0.2.RELEASE.jar:/root/.m2/repository/org/springframework/spring-beans/5.0.2.RELEASE/spring-beans-5.0.2.RELEASE.jar:/root/.m2/repository/org/springframework/spring-context/5.0.2.RELEASE/spring-context-5.0.2.RELEASE.jar:/root/.m2/repository/org/springframework/spring-context-support/5.0.2.RELEASE/spring-context-support-5.0.2.RELEASE.jar:/root/.m2/repository/org/springframework/spring-jdbc/5.0.2.RELEASE/spring-jdbc-5.0.2.RELEASE.jar:/root/.m2/repository/org/springframework/spring-tx/5.0.2.RELEASE/spring-tx-5.0.2.RELEASE.jar:/root/.m2/repository/org/springframework/spring-aop/5.0.2.RELEASE/spring-aop-5.0.2.RELEASE.jar:/root/.m2/repository/org/springframework/data/spring-data-jpa/2.0.2.RELEASE/spring-data-jpa-2.0.2.RELEASE.jar:/root/.m2/repository/org/springframework/data/spring-data-commons/2.0.2.RELEASE/spring-data-commons-2.0.2.RELEASE.jar:/root/.m2/repository/org/springframework/spring-orm/5.0.2.RELEASE/spring-orm-5.0.2.RELEASE.jar:/root/.m2/repository/org/aspectj/aspectjrt/1.8.12/aspectjrt-1.8.12.jar:/root/.m2/repository/org/springframework/spring-test/5.0.2.RELEASE/spring-test-5.0.2.RELEASE.jar:/root/.m2/repository/org/mybatis/mybatis/3.4.5/mybatis-3.4.5.jar:/root/.m2/repository/org/mybatis/mybatis-spring/1.3.1/mybatis-spring-1.3.1.jar:/root/.m2/repository/com/alibaba/druid/1.1.6/druid-1.1.6.jar:/root/.m2/repository/mysql/mysql-connector-java/5.1.45/mysql-connector-java-5.1.45.jar:/root/.m2/repository/org/slf4j/slf4j-api/1.7.22/slf4j-api-1.7.22.jar:/root/.m2/repository/junit/junit/4.12/junit-4.12.jar:/root/.m2/repository/org/hamcrest/hamcrest-core/1.3/hamcrest-core-1.3.jar:/root/.m2/repository/org/testng/testng/6.9.13.6/testng-6.9.13.6.jar:/root/.m2/repository/com/beust/jcommander/1.48/jcommander-1.48.jar:/root/.m2/repository/org/apache/ant/ant/1.9.7/ant-1.9.7.jar:/root/.m2/repository/org/apache/ant/ant-launcher/1.9.7/ant-launcher-1.9.7.jar:/root/.m2/repository/org/beanshell/bsh/2.0b4/bsh-2.0b4.jar:/root/.m2/repository/org/json/json/20160810/json-20160810.jar:/root/.m2/repository/org/slf4j/slf4j-nop/1.7.25/slf4j-nop-1.7.25.jar:/root/.m2/repository/org/mybatis/generator/mybatis-generator-core/1.3.6/mybatis-generator-core-1.3.6.jar:/root/.m2/repository/org/apache/maven/surefire/surefire-testng-utils/2.20.1/surefire-testng-utils-2.20.1.jar:/root/.m2/repository/org/apache/maven/surefire/surefire-grouper/2.20.1/surefire-grouper-2.20.1.jar:"/>
    <property name="sun.cpu.endian" value="little"/>
    <property name="user.home" value="/root"/>
    <property name="user.language" value="en"/>
    <property name="java.specification.vendor" value="Oracle Corporation"/>
    <property name="java.home" value="/usr/java/jdk1.8.0_111/jre"/>
    <property name="basedir" value="/root/github"/>
    <property name="file.separator" value="/"/>
    <property name="line.separator" value="&#10;"/>
    <property name="java.vm.specification.vendor" value="Oracle Corporation"/>
    <property name="java.specification.name" value="Java Platform API Specification"/>
    <property name="java.awt.graphicsenv" value="sun.awt.X11GraphicsEnvironment"/>
    <property name="surefire.real.class.path" value="/root/github/target/surefire/surefirebooter1345658273989083926.jar"/>
    <property name="sun.boot.class.path" value="/usr/java/jdk1.8.0_111/jre/lib/resources.jar:/usr/java/jdk1.8.0_111/jre/lib/rt.jar:/usr/java/jdk1.8.0_111/jre/lib/sunrsasign.jar:/usr/java/jdk1.8.0_111/jre/lib/jsse.jar:/usr/java/jdk1.8.0_111/jre/lib/jce.jar:/usr/java/jdk1.8.0_111/jre/lib/charsets.jar:/usr/java/jdk1.8.0_111/jre/lib/jfr.jar:/usr/java/jdk1.8.0_111/jre/classes"/>
    <property name="sun.management.compiler" value="HotSpot 64-Bit Tiered Compilers"/>
    <property name="java.runtime.version" value="1.8.0_111-b14"/>
    <property name="user.name" value="root"/>
    <property name="path.separator" value=":"/>
    <property name="os.version" value="3.13.0-24-generic"/>
    <property name="java.endorsed.dirs" value="/usr/java/jdk1.8.0_111/jre/lib/endorsed"/>
    <property name="java.runtime.name" value="Java(TM) SE Runtime Environment"/>
    <property name="file.encoding" value="UTF-8"/>
    <property name="java.vm.name" value="Java HotSpot(TM) 64-Bit Server VM"/>
    <property name="localRepository" value="/root/.m2/repository"/>
    <property name="java.vendor.url.bug" value="http://bugreport.sun.com/bugreport/"/>
    <property name="java.io.tmpdir" value="/tmp"/>
    <property name="java.version" value="1.8.0_111"/>
    <property name="user.dir" value="/root/github"/>
    <property name="os.arch" value="amd64"/>
    <property name="java.vm.specification.name" value="Java Virtual Machine Specification"/>
    <property name="java.awt.printerjob" value="sun.print.PSPrinterJob"/>
    <property name="sun.os.patch.level" value="unknown"/>
    <property name="java.library.path" value="/usr/java/packages/lib/amd64:/usr/lib64:/lib64:/lib:/usr/lib"/>
    <property name="java.vm.info" value="mixed mode"/>
    <property name="java.vendor" value="Oracle Corporation"/>
    <property name="java.vm.version" value="25.111-b14"/>
    <property name="java.ext.dirs" value="/usr/java/jdk1.8.0_111/jre/lib/ext:/usr/java/packages/lib/ext"/>
    <property name="sun.io.unicode.encoding" value="UnicodeLittle"/>
    <property name="java.class.version" value="52.0"/>
  </properties>
  <testcase name="test on test(cn.springmvc.test.AppTest)" classname="cn.springmvc.test.AppTest" time="0.008"/>
  <testcase name="test2 on test2(cn.springmvc.test.AppTest)" classname="cn.springmvc.test.AppTest" time="0.119">
    <failure message="&#10;### Error querying database.  Cause: com.mysql.jdbc.exceptions.jdbc4.MySQLSyntaxErrorException: Table &apos;ghtorrent.Languages&apos; doesn&apos;t exist&#10;### The error may exist in file [/root/github/target/classes/mapper/LanguageMapper.xml]&#10;### The error may involve defaultParameterMap&#10;### The error occurred while setting parameters&#10;### SQL: SELECT * FROM Languages;&#10;### Cause: com.mysql.jdbc.exceptions.jdbc4.MySQLSyntaxErrorException: Table &apos;ghtorrent.Languages&apos; doesn&apos;t exist&#10;; bad SQL grammar []; nested exception is com.mysql.jdbc.exceptions.jdbc4.MySQLSyntaxErrorException: Table &apos;ghtorrent.Languages&apos; doesn&apos;t exist" type="org.springframework.jdbc.BadSqlGrammarException">org.springframework.jdbc.BadSqlGrammarException: 

### Error querying database.  Cause: com.mysql.jdbc.exceptions.jdbc4.MySQLSyntaxErrorException: Table 'ghtorrent.Languages' doesn't exist
### The error may exist in file [/root/github/target/classes/mapper/LanguageMapper.xml]
### The error may involve defaultParameterMap
### The error occurred while setting parameters
### SQL: SELECT * FROM Languages;
### Cause: com.mysql.jdbc.exceptions.jdbc4.MySQLSyntaxErrorException: Table 'ghtorrent.Languages' doesn't exist
; bad SQL grammar []; nested exception is com.mysql.jdbc.exceptions.jdbc4.MySQLSyntaxErrorException: Table 'ghtorrent.Languages' doesn't exist
	at cn.springmvc.test.AppTest.test2(AppTest.java:39)
Caused by: com.mysql.jdbc.exceptions.jdbc4.MySQLSyntaxErrorException: Table 'ghtorrent.Languages' doesn't exist
	at cn.springmvc.test.AppTest.test2(AppTest.java:39)
</failure>
  </testcase>
</testsuite>